This is pdfTeX, Version 3.141592653-2.6-1.40.29 (TeX Live 2026) (preloaded format=pdflatex 2026.3.7)  25 MAY 2026 17:59
entering extended mode
 restricted \write18 enabled.
 %&-line parsing enabled.
**Sample_Lwarp_Xy-jax_html
(./Sample_Lwarp_Xy-jax_html.tex
LaTeX2e <2025-11-01>
L3 programming layer <2026-01-19>
(./Sample_Lwarp_Xy-jax.tex
(/localhome/home/pmtjfa/local-texlive/install-tl-20230216/2026/texmf-dist/tex/l
atex/base/article.cls
Document Class: article 2025/01/22 v1.4n Standard LaTeX document class

(/localhome/home/pmtjfa/local-texlive/install-tl-20230216/2026/texmf-dist/tex/l
atex/base/size12.clo
File: size12.clo 2025/01/22 v1.4n Standard LaTeX file (size option)
)
\c@part=\count275
\c@section=\count276
\c@subsection=\count277
\c@subsubsection=\count278
\c@paragraph=\count279
\c@subparagraph=\count280
\c@figure=\count281
\c@table=\count282
\abovecaptionskip=\skip49
\belowcaptionskip=\skip50
\bibindent=\dimen148
)
(/localhome/home/pmtjfa/local-texlive/install-tl-20230216/2026/texmf-dist/tex/l
atex/lwarp/lwarp.sty
Package: lwarp 2026/02/24 v0.921 Allows LaTeX to directly produce HTML5 output.


(/localhome/home/pmtjfa/local-texlive/install-tl-20230216/2026/texmf-dist/tex/g
eneric/iftex/iftex.sty
Package: iftex 2024/12/12 v1.0g TeX engine tests
)
(/localhome/home/pmtjfa/local-texlive/install-tl-20230216/2026/texmf-dist/tex/g
eneric/iftex/ifpdf.sty
Package: ifpdf 2019/10/25 v3.4 ifpdf legacy package. Use iftex instead.
)
(/localhome/home/pmtjfa/local-texlive/install-tl-20230216/2026/texmf-dist/tex/g
eneric/ifptex/ifptex.sty
Package: ifptex 2023/04/08 v2.2c pTeX checker
)
(/localhome/home/pmtjfa/local-texlive/install-tl-20230216/2026/texmf-dist/tex/l
atex/etoolbox/etoolbox.sty
Package: etoolbox 2025/10/02 v2.5m e-TeX tools for LaTeX (JAW)
\etb@tempcnta=\count283
)
(/localhome/home/pmtjfa/local-texlive/install-tl-20230216/2026/texmf-dist/tex/l
atex/verifycommand/verifycommand.sty
Package: verifycommand 2025/03/07 v1.11 Verify definitions have not changed.
)
(/localhome/home/pmtjfa/local-texlive/install-tl-20230216/2026/texmf-dist/tex/l
atex/xpatch/xpatch.sty
(/localhome/home/pmtjfa/local-texlive/install-tl-20230216/2026/texmf-dist/tex/l
atex/l3kernel/expl3.sty
Package: expl3 2026-01-19 L3 programming layer (loader) 

(/localhome/home/pmtjfa/local-texlive/install-tl-20230216/2026/texmf-dist/tex/l
atex/l3backend/l3backend-pdftex.def
File: l3backend-pdftex.def 2025-10-09 L3 backend support: PDF output (pdfTeX)
\l__color_backend_stack_int=\count284
))
Package: xpatch 2020/03/25 v0.3a Extending etoolbox patching commands

(/localhome/home/pmtjfa/local-texlive/install-tl-20230216/2026/texmf-dist/tex/l
atex/l3packages/xparse/xparse.sty
Package: xparse 2025-10-09 L3 Experimental document command parser
))
(/localhome/home/pmtjfa/local-texlive/install-tl-20230216/2026/texmf-dist/tex/l
atex/ifplatform/ifplatform.sty
Package: ifplatform 2017/10/13 v0.4a Testing for the operating system

(/localhome/home/pmtjfa/local-texlive/install-tl-20230216/2026/texmf-dist/tex/l
atex/tools/shellesc.sty
Package: shellesc 2023/07/08 v1.0d unified shell escape interface for LaTeX
Package shellesc Info: Restricted shell escape enabled on input line 77.
)
(/localhome/home/pmtjfa/local-texlive/install-tl-20230216/2026/texmf-dist/tex/g
eneric/pdftexcmds/pdftexcmds.sty
Package: pdftexcmds 2020-06-27 v0.33 Utility functions of pdfTeX for LuaTeX (HO
)

(/localhome/home/pmtjfa/local-texlive/install-tl-20230216/2026/texmf-dist/tex/g
eneric/infwarerr/infwarerr.sty
Package: infwarerr 2019/12/03 v1.5 Providing info/warning/error messages (HO)
)
(/localhome/home/pmtjfa/local-texlive/install-tl-20230216/2026/texmf-dist/tex/g
eneric/ltxcmds/ltxcmds.sty
Package: ltxcmds 2023-12-04 v1.26 LaTeX kernel commands for general use (HO)
)
Package pdftexcmds Info: \pdf@primitive is available.
Package pdftexcmds Info: \pdf@ifprimitive is available.
Package pdftexcmds Info: \pdfdraftmode found.
)
(/localhome/home/pmtjfa/local-texlive/install-tl-20230216/2026/texmf-dist/tex/g
eneric/catchfile/catchfile.sty
Package: catchfile 2019/12/09 v1.8 Catch the contents of a file (HO)

(/localhome/home/pmtjfa/local-texlive/install-tl-20230216/2026/texmf-dist/tex/g
eneric/etexcmds/etexcmds.sty
Package: etexcmds 2019/12/15 v1.7 Avoid name clashes with e-TeX commands (HO)
))
(/localhome/home/pmtjfa/local-texlive/install-tl-20230216/2026/texmf-dist/tex/g
eneric/iftex/ifluatex.sty
Package: ifluatex 2019/10/25 v1.5 ifluatex legacy package. Use iftex instead.
)

Package ifplatform Warning: 
    shell escape is disabled, so I can only detect \ifwindows.

)
(/localhome/home/pmtjfa/local-texlive/install-tl-20230216/2026/texmf-dist/tex/l
atex/letltxmacro/letltxmacro.sty
Package: letltxmacro 2019/12/03 v1.6 Let assignment for LaTeX macros (HO)
)
(/localhome/home/pmtjfa/local-texlive/install-tl-20230216/2026/texmf-dist/tex/l
atex/base/fontenc.sty
Package: fontenc 2025/07/18 v2.1d Standard LaTeX package
)
(/localhome/home/pmtjfa/local-texlive/install-tl-20230216/2026/texmf-dist/tex/l
atex/base/inputenc.sty
Package: inputenc 2024/02/08 v1.3d Input encoding file
\inpenc@prehook=\toks17
\inpenc@posthook=\toks18
)
(/localhome/home/pmtjfa/local-texlive/install-tl-20230216/2026/texmf-dist/tex/l
atex/newunicodechar/newunicodechar.sty
Package: newunicodechar 2018/04/08 v1.2 Defining Unicode characters
)

Package newunicodechar Warning: Redefining Unicode character on input line 865.



Package newunicodechar Warning: Redefining Unicode character on input line 866.



Package newunicodechar Warning: Redefining Unicode character on input line 867.



Package newunicodechar Warning: Redefining Unicode character on input line 868.



Package newunicodechar Warning: Redefining Unicode character on input line 869.



Package newunicodechar Warning: Redefining Unicode character on input line 870.



Package newunicodechar Warning: Redefining Unicode character on input line 871.



(/localhome/home/pmtjfa/local-texlive/install-tl-20230216/2026/texmf-dist/tex/l
atex/upquote/upquote.sty
Package: upquote 2012/04/19 v1.3 upright-quote and grave-accent glyphs in verba
tim

(/localhome/home/pmtjfa/local-texlive/install-tl-20230216/2026/texmf-dist/tex/l
atex/base/textcomp.sty
Package: textcomp 2024/04/24 v2.1b Standard LaTeX package
))
\LWR@templengthone=\skip51
\LWR@templengthtwo=\skip52
\LWR@templengththree=\skip53
\c@LWR@tempcountone=\count285
\c@LWR@texboxdepth=\count286

(/localhome/home/pmtjfa/local-texlive/install-tl-20230216/2026/texmf-dist/tex/l
atex/kvoptions/kvoptions.sty
Package: kvoptions 2022-06-15 v3.15 Key value format for package options (HO)

(/localhome/home/pmtjfa/local-texlive/install-tl-20230216/2026/texmf-dist/tex/l
atex/graphics/keyval.sty
Package: keyval 2022/05/29 v1.15 key=value parser (DPC)
\KV@toks@=\toks19
)
(/localhome/home/pmtjfa/local-texlive/install-tl-20230216/2026/texmf-dist/tex/l
atex/kvsetkeys/kvsetkeys.sty
Package: kvsetkeys 2022-10-05 v1.19 Key value parser (HO)
))
Package lwarp Info: Using option 'warpHTML' on input line 1230.
Package lwarp Info: Using option 'mathjax' on input line 1230.

(/localhome/home/pmtjfa/local-texlive/install-tl-20230216/2026/texmf-dist/tex/l
atex/comment/comment.sty
\CommentStream=\write3
 Excluding comment 'comment')
Lwarp: Including comment 'warpall' Lwarp: Including comment 'warpHTML'
Lwarp: Excluding comment 'warpprint' Excluding 'warpprint' comment.
Including 'warpHTML' comment.
\openout3 = `comment_html.cut'.

 Straight input of comment_html.cut.
(./comment_html.cut Lwarp: Including comment 'warpMathJax')
Excluding 'warpprint' comment. Including 'warpHTML' comment.
\openout3 = `comment_html.cut'.


Straight input of comment_html.cut. (./comment_html.cut
Lwarp: Excluding comment 'warpsvg')
Lwarp: Excluding comment 'LWRcreatelwarpmk' Including 'warpHTML' comment.
\openout3 = `comment_html.cut'.


Straight input of comment_html.cut. (./comment_html.cut)
Including 'warpHTML' comment.
\openout3 = `comment_html.cut'.

 Straight input of comment_html.cut.
(./comment_html.cut
(/localhome/home/pmtjfa/local-texlive/install-tl-20230216/2026/texmf-dist/tex/l
atex/microtype/microtype.sty
Package: microtype 2026/03/01 v3.2d Micro-typographical refinements (RS)
\MT@toks=\toks20
\MT@tempbox=\box53
\MT@count=\count287
LaTeX Info: Redefining \noprotrusionifhmode on input line 1084.
LaTeX Info: Redefining \leftprotrusion on input line 1085.
\MT@prot@toks=\toks21
LaTeX Info: Redefining \rightprotrusion on input line 1104.
LaTeX Info: Redefining \textls on input line 1449.
\MT@outer@kern=\dimen149
LaTeX Info: Redefining \microtypecontext on input line 2053.
LaTeX Info: Redefining \textmicrotypecontext on input line 2070.
\MT@listname@count=\count288

(/localhome/home/pmtjfa/local-texlive/install-tl-20230216/2026/texmf-dist/tex/l
atex/microtype/microtype-pdftex.def
File: microtype-pdftex.def 2026/03/01 v3.2d Definitions specific to pdftex (RS)

LaTeX Info: Redefining \lsstyle on input line 944.
LaTeX Info: Redefining \lslig on input line 944.
\MT@outer@space=\skip54
)
Package microtype Info: Loading configuration file microtype.cfg.

(/localhome/home/pmtjfa/local-texlive/install-tl-20230216/2026/texmf-dist/tex/l
atex/microtype/microtype.cfg
File: microtype.cfg 2026/03/01 v3.2d microtype main configuration file (RS)
)
LaTeX Info: Redefining \microtypesetup on input line 3065.
)) Including 'warpHTML' comment.
\openout3 = `comment_html.cut'.


Straight input of comment_html.cut. (./comment_html.cut
(/localhome/home/pmtjfa/local-texlive/install-tl-20230216/2026/texmf-dist/tex/l
atex/geometry/geometry.sty
Package: geometry 2020/01/02 v5.9 Page Geometry

(/localhome/home/pmtjfa/local-texlive/install-tl-20230216/2026/texmf-dist/tex/g
eneric/iftex/ifvtex.sty
Package: ifvtex 2019/10/25 v1.7 ifvtex legacy package. Use iftex instead.
)
\Gm@cnth=\count289
\Gm@cntv=\count290
\c@Gm@tempcnt=\count291
\Gm@bindingoffset=\dimen150
\Gm@wd@mp=\dimen151
\Gm@odd@mp=\dimen152
\Gm@even@mp=\dimen153
\Gm@layoutwidth=\dimen154
\Gm@layoutheight=\dimen155
\Gm@layouthoffset=\dimen156
\Gm@layoutvoffset=\dimen157
\Gm@dimlist=\toks22
)) Including 'warpall' comment.
\openout3 = `comment_all.cut'.


Straight input of comment_all.cut. (./comment_all.cut
(/localhome/home/pmtjfa/local-texlive/install-tl-20230216/2026/texmf-dist/tex/l
atex/tools/calc.sty
Package: calc 2025/03/01 v4.3b Infix arithmetic (KKT,FJ)
\calc@Acount=\count292
\calc@Bcount=\count293
\calc@Adimen=\dimen158
\calc@Bdimen=\dimen159
\calc@Askip=\skip55
\calc@Bskip=\skip56
LaTeX Info: Redefining \setlength on input line 86.
LaTeX Info: Redefining \addtolength on input line 87.
\calc@Ccount=\count294
\calc@Cskip=\skip57
)) Including 'warpHTML' comment.
\openout3 = `comment_html.cut'.


Straight input of comment_html.cut. (./comment_html.cut
(/localhome/home/pmtjfa/local-texlive/install-tl-20230216/2026/texmf-dist/tex/g
eneric/gettitlestring/gettitlestring.sty
Package: gettitlestring 2019/12/15 v1.6 Cleanup title references (HO)
)) Including 'warpall' comment.
\openout3 = `comment_all.cut'.


Straight input of comment_all.cut. (./comment_all.cut)
Including 'warpHTML' comment.
\openout3 = `comment_html.cut'.

 Straight input of comment_html.cut.
(./comment_html.cut
(/localhome/home/pmtjfa/local-texlive/install-tl-20230216/2026/texmf-dist/tex/l
atex/xifthen/xifthen.sty
Package: xifthen 2015/11/05 v1.4.0 Extended ifthen features

(/localhome/home/pmtjfa/local-texlive/install-tl-20230216/2026/texmf-dist/tex/l
atex/base/ifthen.sty
Package: ifthen 2024/03/16 v1.1e Standard LaTeX ifthen package (DPC)
)
(/localhome/home/pmtjfa/local-texlive/install-tl-20230216/2026/texmf-dist/tex/l
atex/ifmtarg/ifmtarg.sty
Package: ifmtarg 2018/04/16 v1.2b check for an empty argument
))
(/localhome/home/pmtjfa/local-texlive/install-tl-20230216/2026/texmf-dist/tex/l
atex/tools/verbatim.sty
Package: verbatim 2024-01-22 v1.5x LaTeX2e package for verbatim enhancements
\every@verbatim=\toks23
\verbatim@line=\toks24
\verbatim@in@stream=\read2
)
(/localhome/home/pmtjfa/local-texlive/install-tl-20230216/2026/texmf-dist/tex/l
atex/refcount/refcount.sty
Package: refcount 2019/12/15 v3.6 Data extraction from label references (HO)
)
(/localhome/home/pmtjfa/local-texlive/install-tl-20230216/2026/texmf-dist/tex/l
atex/newfloat/newfloat.sty
Package: newfloat 2023/10/01 v1.2 Defining new floating environments (AR)
)) Including 'warpall' comment.
\openout3 = `comment_all.cut'.


Straight input of comment_all.cut. (./comment_all.cut
(/localhome/home/pmtjfa/local-texlive/install-tl-20230216/2026/texmf-dist/tex/g
eneric/xstring/xstring.sty
(/localhome/home/pmtjfa/local-texlive/install-tl-20230216/2026/texmf-dist/tex/g
eneric/xstring/xstring.tex
\xs_counta=\count295
\xs_countb=\count296
)
Package: xstring 2023/08/22 v1.86 String manipulations (CT)
)
(/localhome/home/pmtjfa/local-texlive/install-tl-20230216/2026/texmf-dist/tex/l
atex/environ/environ.sty
Package: environ 2014/05/04 v0.3 A new way to define environments

(/localhome/home/pmtjfa/local-texlive/install-tl-20230216/2026/texmf-dist/tex/l
atex/trimspaces/trimspaces.sty
Package: trimspaces 2009/09/17 v1.1 Trim spaces around a token list
)
\@envbody=\toks25
)) Including 'warpHTML' comment.
\openout3 = `comment_html.cut'.


Straight input of comment_html.cut. (./comment_html.cut
(/localhome/home/pmtjfa/local-texlive/install-tl-20230216/2026/texmf-dist/tex/l
atex/printlen/printlen.sty
Package: printlen 2009/09/03 v1.1a print lengths with units
)) Including 'warpall' comment.
\openout3 = `comment_all.cut'.


Straight input of comment_all.cut. (./comment_all.cut)
Including 'warpHTML' comment.
\openout3 = `comment_html.cut'.

 Straight input of comment_html.cut.
(./comment_html.cut) Including 'warpall' comment.
\openout3 = `comment_all.cut'.


Straight input of comment_all.cut. (./comment_all.cut
\LWR@quickfile=\write4
)
Including 'warpHTML' comment.
\openout3 = `comment_html.cut'.

 Straight input of comment_html.cut.
(./comment_html.cut
\LWR@lateximagesfile=\write5
) Including 'warpHTML' comment.
\openout3 = `comment_html.cut'.


Straight input of comment_html.cut. (./comment_html.cut)
Including 'warpHTML' comment.
\openout3 = `comment_html.cut'.

 Straight input of comment_html.cut.
(./comment_html.cut
\LWR@copyoutfile=\write6
\LWR@copyinfile=\read3
) Including 'warpall' comment.
\openout3 = `comment_all.cut'.


Straight input of comment_all.cut. (./comment_all.cut)
Including 'warpall' comment.
\openout3 = `comment_all.cut'.

 Straight input of comment_all.cut.
(./comment_all.cut) Including 'warpHTML' comment.
\openout3 = `comment_html.cut'.


Straight input of comment_html.cut. (./comment_html.cut)
Including 'warpall' comment.
\openout3 = `comment_all.cut'.

 Straight input of comment_all.cut.
(./comment_all.cut) Including 'warpHTML' comment.
\openout3 = `comment_html.cut'.


Straight input of comment_html.cut. (./comment_html.cut)
Including 'warpHTML' comment.
\openout3 = `comment_html.cut'.

 Straight input of comment_html.cut.
(./comment_html.cut) Including 'warpHTML' comment.
\openout3 = `comment_html.cut'.


Straight input of comment_html.cut. (./comment_html.cut)
Lwarp: Excluding comment 'LWRwriteconf' Excluding 'warpprint' comment.
Excluding 'LWRwriteconf' comment. Excluding 'LWRwriteconf' comment.
Excluding 'LWRwriteconf' comment. Excluding 'LWRwriteconf' comment.
Excluding 'LWRwriteconf' comment. Excluding 'LWRwriteconf' comment.
Excluding 'LWRwriteconf' comment. Excluding 'LWRwriteconf' comment.
Excluding 'LWRwriteconf' comment. Excluding 'LWRwriteconf' comment.
Excluding 'LWRwriteconf' comment. Excluding 'LWRwriteconf' comment.
Excluding 'LWRcreatelwarpmk' comment. Including 'warpHTML' comment.
\openout3 = `comment_html.cut'.


Straight input of comment_html.cut. (./comment_html.cut)
Including 'warpHTML' comment.
\openout3 = `comment_html.cut'.

 Straight input of comment_html.cut.
(./comment_html.cut) Including 'warpall' comment.
\openout3 = `comment_all.cut'.


Straight input of comment_all.cut. (./comment_all.cut)
Including 'warpHTML' comment.
\openout3 = `comment_html.cut'.

 Straight input of comment_html.cut.
(./comment_html.cut) Including 'warpall' comment.
\openout3 = `comment_all.cut'.


Straight input of comment_all.cut. (./comment_all.cut)
Including 'warpHTML' comment.
\openout3 = `comment_html.cut'.

 Straight input of comment_html.cut.
(./comment_html.cut) Including 'warpall' comment.
\openout3 = `comment_all.cut'.


Straight input of comment_all.cut. (./comment_all.cut)
Including 'warpHTML' comment.
\openout3 = `comment_html.cut'.

 Straight input of comment_html.cut.
(./comment_html.cut
\c@LWR@HTMLpagenum=\count297
\c@LWR@htmlseqfilenumber=\count298
\c@LWR@htmlfilenumber=\count299
) Including 'warpall' comment.
\openout3 = `comment_all.cut'.


Straight input of comment_all.cut. (./comment_all.cut)
Including 'warpHTML' comment.
\openout3 = `comment_html.cut'.

 Straight input of comment_html.cut.
(./comment_html.cut) Excluding 'warpprint' comment.
Including 'warpHTML' comment.
\openout3 = `comment_html.cut'.

 Straight input of comment_html.cut.
(./comment_html.cut) Including 'warpall' comment.
\openout3 = `comment_all.cut'.


Straight input of comment_all.cut. (./comment_all.cut)
Excluding 'warpprint' comment. Including 'warpHTML' comment.
\openout3 = `comment_html.cut'.


Straight input of comment_html.cut. (./comment_html.cut)
Including 'warpHTML' comment.
\openout3 = `comment_html.cut'.

 Straight input of comment_html.cut.
(./comment_html.cut) Excluding 'warpprint' comment.
Including 'warpHTML' comment.
\openout3 = `comment_html.cut'.

 Straight input of comment_html.cut.
(./comment_html.cut) Including 'warpHTML' comment.
\openout3 = `comment_html.cut'.


Straight input of comment_html.cut. (./comment_html.cut)
Including 'warpHTML' comment.
\openout3 = `comment_html.cut'.

 Straight input of comment_html.cut.
(./comment_html.cut) Including 'warpall' comment.
\openout3 = `comment_all.cut'.


Straight input of comment_all.cut. (./comment_all.cut)
Including 'warpHTML' comment.
\openout3 = `comment_html.cut'.

 Straight input of comment_html.cut.
(./comment_html.cut) Including 'warpall' comment.
\openout3 = `comment_all.cut'.


Straight input of comment_all.cut. (./comment_all.cut)
Including 'warpHTML' comment.
\openout3 = `comment_html.cut'.

 Straight input of comment_html.cut.
(./comment_html.cut) Including 'warpall' comment.
\openout3 = `comment_all.cut'.


Straight input of comment_all.cut. (./comment_all.cut)
Including 'warpHTML' comment.
\openout3 = `comment_html.cut'.

 Straight input of comment_html.cut.
(./comment_html.cut) Including 'warpall' comment.
\openout3 = `comment_all.cut'.


Straight input of comment_all.cut. (./comment_all.cut)
Including 'warpHTML' comment.
\openout3 = `comment_html.cut'.

 Straight input of comment_html.cut.
(./comment_html.cut) Including 'warpHTML' comment.
\openout3 = `comment_html.cut'.


Straight input of comment_html.cut. (./comment_html.cut)
Including 'warpHTML' comment.
\openout3 = `comment_html.cut'.

 Straight input of comment_html.cut.
(./comment_html.cut
\c@LWR@spandepth=\count300
\c@LWR@saved@spandepth=\count301
) Including 'warpHTML' comment.
\openout3 = `comment_html.cut'.


Straight input of comment_html.cut. (./comment_html.cut)
Including 'warpHTML' comment.
\openout3 = `comment_html.cut'.

 Straight input of comment_html.cut.
(./comment_html.cut) Including 'warpall' comment.
\openout3 = `comment_all.cut'.


Straight input of comment_all.cut. (./comment_all.cut)
Including 'warpHTML' comment.
\openout3 = `comment_html.cut'.

 Straight input of comment_html.cut.
(./comment_html.cut) Excluding 'warpprint' comment.
Including 'warpHTML' comment.
\openout3 = `comment_html.cut'.

 Straight input of comment_html.cut.
(./comment_html.cut) Excluding 'warpprint' comment.
Including 'warpall' comment.
\openout3 = `comment_all.cut'.

 Straight input of comment_all.cut.
(./comment_all.cut) Including 'warpHTML' comment.
\openout3 = `comment_html.cut'.


Straight input of comment_html.cut. (./comment_html.cut)
Including 'warpall' comment.
\openout3 = `comment_all.cut'.

 Straight input of comment_all.cut.
(./comment_all.cut) Including 'warpall' comment.
\openout3 = `comment_all.cut'.


Straight input of comment_all.cut. (./comment_all.cut
\c@FootnoteDepth=\count302
\c@footnoteReset=\count303
)
Including 'warpHTML' comment.
\openout3 = `comment_html.cut'.

 Straight input of comment_html.cut.
(./comment_html.cut
\LWR@footnotebox=\box54
\LWR@mpfootnotes=\box55
) Including 'warpHTML' comment.
\openout3 = `comment_html.cut'.


Straight input of comment_html.cut. (./comment_html.cut)
Excluding 'warpprint' comment.
\c@LWR@currentautosecpage=\count304
\c@LWR@currentautosecfloatpage=\count305
\c@LWR@previousautopagelabel=\count306
 Including 'warpall' comment.
\openout3 = `comment_all.cut'.


Straight input of comment_all.cut. (./comment_all.cut
\c@FileDepth=\count307
)
Including 'warpHTML' comment.
\openout3 = `comment_html.cut'.

 Straight input of comment_html.cut.
(./comment_html.cut) Including 'warpMathJax' comment.
\openout3 = `comment_mathjax.cut'.


Straight input of comment_mathjax.cut. (./comment_mathjax.cut)
Including 'warpMathJax' comment.
\openout3 = `comment_mathjax.cut'.

 Straight input of comment_mathjax.cut.
(./comment_mathjax.cut) Including 'warpHTML' comment.
\openout3 = `comment_html.cut'.


Straight input of comment_html.cut. (./comment_html.cut)
Excluding 'warpprint' comment. Including 'warpHTML' comment.
\openout3 = `comment_html.cut'.


Straight input of comment_html.cut. (./comment_html.cut)
Including 'warpHTML' comment.
\openout3 = `comment_html.cut'.

 Straight input of comment_html.cut.
(./comment_html.cut) Excluding 'warpprint' comment.
Including 'warpHTML' comment.
\openout3 = `comment_html.cut'.

 Straight input of comment_html.cut.
(./comment_html.cut
\c@LWR@prevFileDepth=\count308
) Including 'warpall' comment.
\openout3 = `comment_all.cut'.


Straight input of comment_all.cut. (./comment_all.cut)
Including 'warpHTML' comment.
\openout3 = `comment_html.cut'.

 Straight input of comment_html.cut.
(./comment_html.cut) Including 'warpHTML' comment.
\openout3 = `comment_html.cut'.


Straight input of comment_html.cut. (./comment_html.cut)
Including 'warpHTML' comment.
\openout3 = `comment_html.cut'.

 Straight input of comment_html.cut.
(./comment_html.cut) Including 'warpall' comment.
\openout3 = `comment_all.cut'.


Straight input of comment_all.cut. (./comment_all.cut)
Including 'warpall' comment.
\openout3 = `comment_all.cut'.

 Straight input of comment_all.cut.
(./comment_all.cut) Excluding 'warpprint' comment.
Including 'warpHTML' comment.
\openout3 = `comment_html.cut'.

 Straight input of comment_html.cut.
(./comment_html.cut) Excluding 'warpprint' comment.
Including 'warpHTML' comment.
\openout3 = `comment_html.cut'.

 Straight input of comment_html.cut.
(./comment_html.cut) Including 'warpHTML' comment.
\openout3 = `comment_html.cut'.


Straight input of comment_html.cut. (./comment_html.cut)
Excluding 'warpprint' comment. Including 'warpHTML' comment.
\openout3 = `comment_html.cut'.


Straight input of comment_html.cut. (./comment_html.cut)
Including 'warpall' comment.
\openout3 = `comment_all.cut'.

 Straight input of comment_all.cut.
(./comment_all.cut) Including 'warpHTML' comment.
\openout3 = `comment_html.cut'.


Straight input of comment_html.cut. (./comment_html.cut)
Including 'warpall' comment.
\openout3 = `comment_all.cut'.

 Straight input of comment_all.cut.
(./comment_all.cut) Including 'warpHTML' comment.
\openout3 = `comment_html.cut'.


Straight input of comment_html.cut. (./comment_html.cut)
Including 'warpHTML' comment.
\openout3 = `comment_html.cut'.

 Straight input of comment_html.cut.
(./comment_html.cut) Including 'warpHTML' comment.
\openout3 = `comment_html.cut'.


Straight input of comment_html.cut. (./comment_html.cut)
Including 'warpall' comment.
\openout3 = `comment_all.cut'.

 Straight input of comment_all.cut.
(./comment_all.cut
\HTMLvleftskip=\skip58
\HTMLleftmargini=\skip59
) Including 'warpall' comment.
\openout3 = `comment_all.cut'.


Straight input of comment_all.cut. (./comment_all.cut
\VerbatimHTMLWidth=\skip60
)
Including 'warpHTML' comment.
\openout3 = `comment_html.cut'.

 Straight input of comment_html.cut.
(./comment_html.cut) Including 'warpHTML' comment.
\openout3 = `comment_html.cut'.


Straight input of comment_html.cut. (./comment_html.cut)
Including 'warpHTML' comment.
\openout3 = `comment_html.cut'.

 Straight input of comment_html.cut.
(./comment_html.cut) Including 'warpHTML' comment.
\openout3 = `comment_html.cut'.


Straight input of comment_html.cut. (./comment_html.cut
\c@LWR@hlines=\count309
\c@LWR@hdashedlines=\count310
\c@LWR@tabulardepth=\count311
\c@LWR@tabularpardepth=\count312
\c@LWR@tablecolspecwidth=\count313
\c@LWR@tablecolspecindex=\count314
\c@LWR@tableLaTeXcolindex=\count315
\c@LWR@tabletotalLaTeXcols=\count316
\c@LWR@tabletotalLaTeXcolsnext=\count317
\c@LWR@cellcolordepth=\count318
\c@LWR@tablemulticolswidth=\count319
\c@LWR@tablemulticolspos=\count320
\c@LWR@mcolvertbarsl=\count321
\c@LWR@mcolvertbarsr=\count322
\c@LWR@mcolvertbarsldash=\count323
\c@LWR@mcolvertbarsrdash=\count324
\c@LWR@midrulecounter=\count325
)
Including 'warpHTML' comment.
\openout3 = `comment_html.cut'.

 Straight input of comment_html.cut.
(./comment_html.cut) Excluding 'warpprint' comment.
Including 'warpHTML' comment.
\openout3 = `comment_html.cut'.

 Straight input of comment_html.cut.
(./comment_html.cut
\rownum=\count326
\LWR@heavyrulewidth=\skip61
\LWR@lightrulewidth=\skip62
\LWR@cmidrulewidth=\skip63
\LWR@thiscmidrulewidth=\skip64
\c@LWR@lastmulticolumn=\count327
\c@LWR@tabhtmlcolindex=\count328
\c@LWR@tabhtmlcolend=\count329
\c@LWR@tabhtmlcoltotal=\count330
) Including 'warpHTML' comment.
\openout3 = `comment_html.cut'.


Straight input of comment_html.cut. (./comment_html.cut)
Including 'warpall' comment.
\openout3 = `comment_all.cut'.

 Straight input of comment_all.cut.
(./comment_all.cut) Including 'warpHTML' comment.
\openout3 = `comment_html.cut'.


Straight input of comment_html.cut. (./comment_html.cut)
Including 'warpall' comment.
\openout3 = `comment_all.cut'.

 Straight input of comment_all.cut.
(./comment_all.cut) Including 'warpHTML' comment.
\openout3 = `comment_html.cut'.


Straight input of comment_html.cut. (./comment_html.cut)
Excluding 'warpprint' comment. Including 'warpHTML' comment.
\openout3 = `comment_html.cut'.


Straight input of comment_html.cut. (./comment_html.cut)
Including 'warpall' comment.
\openout3 = `comment_all.cut'.

 Straight input of comment_all.cut.
(./comment_all.cut) Including 'warpall' comment.
\openout3 = `comment_all.cut'.


Straight input of comment_all.cut. (./comment_all.cut)
Including 'warpHTML' comment.
\openout3 = `comment_html.cut'.

 Straight input of comment_html.cut.
(./comment_html.cut) Including 'warpHTML' comment.
\openout3 = `comment_html.cut'.


Straight input of comment_html.cut. (./comment_html.cut
\c@LWR@linkdepth=\count331
)
Including 'warpHTML' comment.
\openout3 = `comment_html.cut'.

 Straight input of comment_html.cut.
(./comment_html.cut
\c@LWR@thisautoid=\count332
\c@LWR@thisautoidWP=\count333
\c@LWR@nextautoid=\count334
\c@LWR@nextautopage=\count335

(/localhome/home/pmtjfa/local-texlive/install-tl-20230216/2026/texmf-dist/tex/l
atex/capt-of/capt-of.sty
Package: capt-of 2009/12/29 v0.2 standard captions outside of floats
)) Including 'warpHTML' comment.
\openout3 = `comment_html.cut'.


Straight input of comment_html.cut. (./comment_html.cut)
Including 'warpall' comment.
\openout3 = `comment_all.cut'.

 Straight input of comment_all.cut.
(./comment_all.cut
\c@SideTOCDepth=\count336
) Including 'warpHTML' comment.
\openout3 = `comment_html.cut'.


Straight input of comment_html.cut. (./comment_html.cut
\c@lofdepth=\count337
\c@lotdepth=\count338
)
Including 'warpHTML' comment.
\openout3 = `comment_html.cut'.

 Straight input of comment_html.cut.
(./comment_html.cut
\c@LWR@autoindex=\count339
\c@LWR@autoglossary=\count340
) Excluding 'warpprint' comment.
Including 'warpall' comment.
\openout3 = `comment_all.cut'.

 Straight input of comment_all.cut.
(./comment_all.cut) Including 'warpHTML' comment.
\openout3 = `comment_html.cut'.


Straight input of comment_html.cut. (./comment_html.cut)
Including 'warpHTML' comment.
\openout3 = `comment_html.cut'.

 Straight input of comment_html.cut.
(./comment_html.cut) Including 'warpHTML' comment.
\openout3 = `comment_html.cut'.


Straight input of comment_html.cut. (./comment_html.cut)
Including 'warpHTML' comment.
\openout3 = `comment_html.cut'.

 Straight input of comment_html.cut.
(./comment_html.cut
\c@LWR@externalfilecnt=\count341
\LWR@singledollarwidth=\skip65
\LWR@singledollarheight=\skip66
\LWR@singledollardepth=\skip67
\LWR@singledollarbox=\box56
\c@LWR@nextequation=\count342
) Excluding 'warpprint' comment.
Including 'warpHTML' comment.
\openout3 = `comment_html.cut'.

 Straight input of comment_html.cut.
(./comment_html.cut) Including 'warpHTML' comment.
\openout3 = `comment_html.cut'.


Straight input of comment_html.cut. (./comment_html.cut
\c@LWR@lateximagenumber=\count343
\c@LWR@lateximagedepth=\count344
\c@LWR@saved@lateximagedepth=\count345
\c@LWR@LIpage=\count346
)
Including 'warpall' comment.
\openout3 = `comment_all.cut'.

 Straight input of comment_all.cut.
(./comment_all.cut) Including 'warpHTML' comment.
\openout3 = `comment_html.cut'.


Straight input of comment_html.cut. (./comment_html.cut
\c@LWR@startingequation=\count347
)
Excluding 'warpprint' comment. Including 'warpHTML' comment.
\openout3 = `comment_html.cut'.


Straight input of comment_html.cut. (./comment_html.cut)
Including 'warpHTML' comment.
\openout3 = `comment_html.cut'.

 Straight input of comment_html.cut.
(./comment_html.cut) Including 'warpHTML' comment.
\openout3 = `comment_html.cut'.


Straight input of comment_html.cut. (./comment_html.cut)
Excluding 'warpprint' comment. Excluding 'warpprint' comment.
Including 'warpall' comment.
\openout3 = `comment_all.cut'.

 Straight input of comment_all.cut.
(./comment_all.cut) Excluding 'warpprint' comment.
Including 'warpHTML' comment.
\openout3 = `comment_html.cut'.

 Straight input of comment_html.cut.
(./comment_html.cut) Including 'warpHTML' comment.
\openout3 = `comment_html.cut'.


Straight input of comment_html.cut. (./comment_html.cut)
Including 'warpall' comment.
\openout3 = `comment_all.cut'.

 Straight input of comment_all.cut.
(./comment_all.cut) Including 'warpHTML' comment.
\openout3 = `comment_html.cut'.


Straight input of comment_html.cut. (./comment_html.cut
\LWR@minipagewidth=\skip68
\LWR@minipageheight=\skip69
\c@LWR@virtualpagedepth=\count348
)
Excluding 'warpprint' comment. Including 'warpHTML' comment.
\openout3 = `comment_html.cut'.


Straight input of comment_html.cut. (./comment_html.cut
\c@LWR@minipage@depth=\count349
\c@LWR@mpfootnote@store=\count350
\LWR@atleastonept=\skip70
)
Including 'warpall' comment.
\openout3 = `comment_all.cut'.

 Straight input of comment_all.cut.
(./comment_all.cut) Including 'warpHTML' comment.
\openout3 = `comment_html.cut'.


Straight input of comment_html.cut. (./comment_html.cut)
Including 'warpall' comment.
\openout3 = `comment_all.cut'.

 Straight input of comment_all.cut.
(./comment_all.cut
\LWR@fminipagebox=\box57
) Including 'warpHTML' comment.
\openout3 = `comment_html.cut'.


Straight input of comment_html.cut. (./comment_html.cut)
Including 'warpall' comment.
\openout3 = `comment_all.cut'.

 Straight input of comment_all.cut.
(./comment_all.cut) Including 'warpHTML' comment.
\openout3 = `comment_html.cut'.


Straight input of comment_html.cut. (./comment_html.cut
\c@LWR@textcurrentfontdepth=\count351
)
Excluding 'warpprint' comment. Including 'warpHTML' comment.
\openout3 = `comment_html.cut'.


Straight input of comment_html.cut. (./comment_html.cut
\LWR@tempwidth=\skip71
\LWR@tempheight=\skip72
\LWR@tempraise=\skip73
)
Including 'warpHTML' comment.
\openout3 = `comment_html.cut'.

 Straight input of comment_html.cut.
(./comment_html.cut) Including 'warpall' comment.
\openout3 = `comment_all.cut'.


Straight input of comment_all.cut. (./comment_all.cut)
Including 'warpHTML' comment.
\openout3 = `comment_html.cut'.

 Straight input of comment_html.cut.
(./comment_html.cut) Including 'warpHTML' comment.
\openout3 = `comment_html.cut'.


Straight input of comment_html.cut. (./comment_html.cut)
Including 'warpHTML' comment.
\openout3 = `comment_html.cut'.

 Straight input of comment_html.cut.
(./comment_html.cut
(/localhome/home/pmtjfa/local-texlive/install-tl-20230216/2026/texmf-dist/tex/l
atex/lwarp/lwarp-array.sty
Package lwarp Info: Using package `array',
(lwarp)             and adding lwarp modifications, including options,
(lwarp)              on input line 23.
Package: lwarp-array 2018/12/30

(/localhome/home/pmtjfa/local-texlive/install-tl-20230216/2026/texmf-dist/tex/l
atex/tools/array.sty
Package: array 2025/09/25 v2.6n Tabular extension package (FMi)
\col@sep=\dimen160
\ar@mcellbox=\box58
\extrarowheight=\dimen161
\NC@list=\toks26
\extratabsurround=\skip74
\backup@length=\skip75
\ar@cellbox=\box59
))) Including 'warpHTML' comment.
\openout3 = `comment_html.cut'.


Straight input of comment_html.cut. (./comment_html.cut)
Including 'warpHTML' comment.
\openout3 = `comment_html.cut'.

 Straight input of comment_html.cut.
(./comment_html.cut)
(/localhome/home/pmtjfa/local-texlive/install-tl-20230216/2026/texmf-dist/tex/l
atex/lwarp/lwarp-textcomp.sty
Package lwarp Info: Using package `textcomp',
(lwarp)             and adding lwarp modifications, including options,
(lwarp)              on input line 21.
Package: lwarp-textcomp 2017/04/05
) Including 'warpHTML' comment.
\openout3 = `comment_html.cut'.


Straight input of comment_html.cut. (./comment_html.cut)
Including 'warpHTML' comment.
\openout3 = `comment_html.cut'.

 Straight input of comment_html.cut.
(./comment_html.cut) Excluding 'warpprint' comment.
Including 'warpHTML' comment.
\openout3 = `comment_html.cut'.

 Straight input of comment_html.cut.
(./comment_html.cut) Including 'warpHTML' comment.
\openout3 = `comment_html.cut'.


Straight input of comment_html.cut. (./comment_html.cut)
Including 'warpHTML' comment.
\openout3 = `comment_html.cut'.

 Straight input of comment_html.cut.
(./comment_html.cut) Including 'warpHTML' comment.
\openout3 = `comment_html.cut'.


Straight input of comment_html.cut. (./comment_html.cut)
Including 'warpHTML' comment.
\openout3 = `comment_html.cut'.

 Straight input of comment_html.cut.
(./comment_html.cut))
(/localhome/home/pmtjfa/local-texlive/install-tl-20230216/2026/texmf-dist/tex/l
atex/lwarp/lwarp-xy.sty
Package lwarp Info: Using package `xy',
(lwarp)             and adding lwarp modifications, including options,
(lwarp)              on input line 20.
Package: lwarp-xy 2013/10/06

(/localhome/home/pmtjfa/local-texlive/install-tl-20230216/2026/texmf-dist/tex/g
eneric/xypic/xy.sty
(/localhome/home/pmtjfa/local-texlive/install-tl-20230216/2026/texmf-dist/tex/g
eneric/xypic/xy.tex Bootstrap'ing: catcodes, docmode,
(/localhome/home/pmtjfa/local-texlive/install-tl-20230216/2026/texmf-dist/tex/g
eneric/xypic/xyrecat.tex)
(/localhome/home/pmtjfa/local-texlive/install-tl-20230216/2026/texmf-dist/tex/g
eneric/xypic/xyidioms.tex)

 Xy-pic version 3.8.9 <2013/10/06>
 Copyright (c) 1991-2013 by Kristoffer H. Rose <krisrose@tug.org> and others
 Xy-pic is free software: see the User's Guide for details.

Loading kernel: messages; fonts; allocations: state,
\X@c=\dimen162
\Y@c=\dimen163
\U@c=\dimen164
\D@c=\dimen165
\L@c=\dimen166
\R@c=\dimen167
\Edge@c=\toks27
\X@p=\dimen168
\Y@p=\dimen169
\U@p=\dimen170
\D@p=\dimen171
\L@p=\dimen172
\R@p=\dimen173
\Edge@p=\toks28
\X@origin=\dimen174
\Y@origin=\dimen175
\X@xbase=\dimen176
\Y@xbase=\dimen177
\X@ybase=\dimen178
\Y@ybase=\dimen179
\X@min=\dimen180
\Y@min=\dimen181
\X@max=\dimen182
\Y@max=\dimen183
\lastobjectbox@=\box60
\zerodotbox@=\box61
\almostz@=\dimen184
 direction,
\d@X=\dimen185
\d@Y=\dimen186
\K@=\count352
\KK@=\count353
\Direction=\count354
\K@dXdY=\dimen187
\K@dYdX=\dimen188
\xyread@=\read4
\xywrite@=\write7
\csp@=\count355
\quotPTK@=\dimen189

utility macros; pictures: \xy, positions,
\swaptoks@@=\toks29
\connectobjectbox@@=\box62
 objects,
\styletoks@=\toks30
 decorations;
kernel objects: directionals, circles, text; options; algorithms: directions,
edges, connections;  Xy-pic loaded)
Package: xy 2013/10/06 Xy-pic version 3.8.9

(/localhome/home/pmtjfa/local-texlive/install-tl-20230216/2026/texmf-dist/tex/g
eneric/xypic/xyall.tex  Xy-pic option: All features v.3.8
(/localhome/home/pmtjfa/local-texlive/install-tl-20230216/2026/texmf-dist/tex/g
eneric/xypic/xycurve.tex  Xy-pic option: Curve and Spline extension v.3.12
curve,
\crv@cnt@=\count356
\crvpts@=\toks31
\splinebox@=\box63
\splineval@=\dimen190
\splinedepth@=\dimen191
\splinetol@=\dimen192
\splinelength@=\dimen193
 circles,
\L@=\dimen194
 loaded)
(/localhome/home/pmtjfa/local-texlive/install-tl-20230216/2026/texmf-dist/tex/g
eneric/xypic/xyframe.tex  Xy-pic option: Frame and Bracket extension v.3.14
loaded)
(/localhome/home/pmtjfa/local-texlive/install-tl-20230216/2026/texmf-dist/tex/g
eneric/xypic/xycmtip.tex  Xy-pic option: Computer Modern tip extension v.3.7
(/localhome/home/pmtjfa/local-texlive/install-tl-20230216/2026/texmf-dist/tex/g
eneric/xypic/xytips.tex  Xy-pic option: More Tips extension v.3.11 loaded)
loaded)
(/localhome/home/pmtjfa/local-texlive/install-tl-20230216/2026/texmf-dist/tex/g
eneric/xypic/xyline.tex  Xy-pic option: Line styles extension v.3.10
\xylinethick@=\dimen195
 loaded)
(/localhome/home/pmtjfa/local-texlive/install-tl-20230216/2026/texmf-dist/tex/g
eneric/xypic/xyrotate.tex  Xy-pic option: Rotate and Scale extension v.3.8
loaded)
(/localhome/home/pmtjfa/local-texlive/install-tl-20230216/2026/texmf-dist/tex/g
eneric/xypic/xycolor.tex  Xy-pic option: Colour extension v.3.11 loaded)
(/localhome/home/pmtjfa/local-texlive/install-tl-20230216/2026/texmf-dist/tex/g
eneric/xypic/xymatrix.tex  Xy-pic option: Matrix feature v.3.14
\Row=\count357
\Col=\count358
\queue@=\toks32
\queue@@=\toks33
\qcount@=\count359
\qcount@@=\count360
\matrixsize@=\count361
 loaded)
(/localhome/home/pmtjfa/local-texlive/install-tl-20230216/2026/texmf-dist/tex/g
eneric/xypic/xyarrow.tex  Xy-pic option: Arrow and Path feature v.3.9 path,
\ar, loaded)
(/localhome/home/pmtjfa/local-texlive/install-tl-20230216/2026/texmf-dist/tex/g
eneric/xypic/xygraph.tex  Xy-pic option: Graph feature v.3.11 loaded) loaded)
(/localhome/home/pmtjfa/local-texlive/install-tl-20230216/2026/texmf-dist/tex/g
eneric/xypic/xy2cell.tex  Xy-pic option: Two-cell feature v.3.7 two-cells,
loaded)
(/localhome/home/pmtjfa/local-texlive/install-tl-20230216/2026/texmf-dist/tex/g
eneric/xypic/xyknot.tex  Xy-pic option: Knots and Links feature v.3.9
knots and links, loaded)
(/localhome/home/pmtjfa/local-texlive/install-tl-20230216/2026/texmf-dist/tex/g
eneric/xypic/xypdf.tex  Xy-pic option: PDF driver v.1.7
Xy-pic pdf driver: `color' extension support
(/localhome/home/pmtjfa/local-texlive/install-tl-20230216/2026/texmf-dist/tex/g
eneric/xypic/xypdf-co.tex loaded) Xy-pic pdf driver: `curve' extension support
(/localhome/home/pmtjfa/local-texlive/install-tl-20230216/2026/texmf-dist/tex/g
eneric/xypic/xypdf-cu.tex loaded) Xy-pic pdf driver: `frame' extension support
(/localhome/home/pmtjfa/local-texlive/install-tl-20230216/2026/texmf-dist/tex/g
eneric/xypic/xypdf-fr.tex loaded) Xy-pic pdf driver: `line' extension support
(/localhome/home/pmtjfa/local-texlive/install-tl-20230216/2026/texmf-dist/tex/g
eneric/xypic/xypdf-li.tex loaded)
Xy-pic pdf driver: `rotate' extension support
(/localhome/home/pmtjfa/local-texlive/install-tl-20230216/2026/texmf-dist/tex/g
eneric/xypic/xypdf-ro.tex loaded) loaded)))
(/localhome/home/pmtjfa/local-texlive/install-tl-20230216/2026/texmf-dist/tex/l
atex/lwarp/lwarp-tikz.sty
Package lwarp Info: Using package `tikz',
(lwarp)             and adding lwarp modifications, including options,
(lwarp)              on input line 20.
Package: lwarp-tikz 2015/08/07

(/localhome/home/pmtjfa/local-texlive/install-tl-20230216/2026/texmf-dist/tex/l
atex/pgf/frontendlayer/tikz.sty
(/localhome/home/pmtjfa/local-texlive/install-tl-20230216/2026/texmf-dist/tex/l
atex/pgf/basiclayer/pgf.sty
(/localhome/home/pmtjfa/local-texlive/install-tl-20230216/2026/texmf-dist/tex/l
atex/pgf/utilities/pgfrcs.sty
(/localhome/home/pmtjfa/local-texlive/install-tl-20230216/2026/texmf-dist/tex/g
eneric/pgf/utilities/pgfutil-common.tex
\pgfutil@everybye=\toks34
\pgfutil@tempdima=\dimen196
\pgfutil@tempdimb=\dimen197
)
(/localhome/home/pmtjfa/local-texlive/install-tl-20230216/2026/texmf-dist/tex/g
eneric/pgf/utilities/pgfutil-latex.def
\pgfutil@abb=\box64
)
(/localhome/home/pmtjfa/local-texlive/install-tl-20230216/2026/texmf-dist/tex/g
eneric/pgf/utilities/pgfrcs.code.tex
(/localhome/home/pmtjfa/local-texlive/install-tl-20230216/2026/texmf-dist/tex/g
eneric/pgf/pgf.revision.tex)
Package: pgfrcs 2025-08-29 v3.1.11a (3.1.11a)
))
Package: pgf 2025-08-29 v3.1.11a (3.1.11a)

(/localhome/home/pmtjfa/local-texlive/install-tl-20230216/2026/texmf-dist/tex/l
atex/pgf/basiclayer/pgfcore.sty
(/localhome/home/pmtjfa/local-texlive/install-tl-20230216/2026/texmf-dist/tex/l
atex/lwarp/lwarp-graphicx.sty
Package lwarp Info: Using package `graphicx',
(lwarp)             and adding lwarp modifications, including options,
(lwarp)              on input line 20.
Package: lwarp-graphicx 2024/12/31

(/localhome/home/pmtjfa/local-texlive/install-tl-20230216/2026/texmf-dist/tex/l
atex/graphics/graphicx.sty
Package: graphicx 2024/12/31 v1.2e Enhanced LaTeX Graphics (DPC,SPQR)

(/localhome/home/pmtjfa/local-texlive/install-tl-20230216/2026/texmf-dist/tex/l
atex/lwarp/lwarp-graphics.sty
Package lwarp Info: Using package `graphics',
(lwarp)             and adding lwarp modifications, including options,
(lwarp)              on input line 20.
Package: lwarp-graphics 2024/08/06

(/localhome/home/pmtjfa/local-texlive/install-tl-20230216/2026/texmf-dist/tex/l
atex/graphics/graphics.sty
Package: graphics 2024/08/06 v1.4g Standard LaTeX Graphics (DPC,SPQR)

(/localhome/home/pmtjfa/local-texlive/install-tl-20230216/2026/texmf-dist/tex/l
atex/graphics/trig.sty
Package: trig 2023/12/02 v1.11 sin cos tan (DPC)
)
(/localhome/home/pmtjfa/local-texlive/install-tl-20230216/2026/texmf-dist/tex/l
atex/graphics-cfg/graphics.cfg
File: graphics.cfg 2016/06/04 v1.11 sample graphics configuration
)
Package graphics Info: Driver file: pdftex.def on input line 106.

(/localhome/home/pmtjfa/local-texlive/install-tl-20230216/2026/texmf-dist/tex/l
atex/graphics-def/pdftex.def
File: pdftex.def 2025/09/29 v1.2d Graphics/color driver for pdftex
))
\LWR@igwidth=\skip76
\LWR@igheight=\skip77
\LWR@imagesizebox=\box65
)
\Gin@req@height=\dimen198
\Gin@req@width=\dimen199
))
(/localhome/home/pmtjfa/local-texlive/install-tl-20230216/2026/texmf-dist/tex/l
atex/pgf/systemlayer/pgfsys.sty
(/localhome/home/pmtjfa/local-texlive/install-tl-20230216/2026/texmf-dist/tex/g
eneric/pgf/systemlayer/pgfsys.code.tex
Package: pgfsys 2025-08-29 v3.1.11a (3.1.11a)

(/localhome/home/pmtjfa/local-texlive/install-tl-20230216/2026/texmf-dist/tex/g
eneric/pgf/utilities/pgfkeys.code.tex
\pgfkeys@pathtoks=\toks35
\pgfkeys@temptoks=\toks36

(/localhome/home/pmtjfa/local-texlive/install-tl-20230216/2026/texmf-dist/tex/g
eneric/pgf/utilities/pgfkeyslibraryfiltered.code.tex
\pgfkeys@tmptoks=\toks37
))
\pgf@x=\dimen256
\pgf@y=\dimen257
\pgf@xa=\dimen258
\pgf@ya=\dimen259
\pgf@xb=\dimen260
\pgf@yb=\dimen261
\pgf@xc=\dimen262
\pgf@yc=\dimen263
\pgf@xd=\dimen264
\pgf@yd=\dimen265
\w@pgf@writea=\write8
\r@pgf@reada=\read5
\c@pgf@counta=\count362
\c@pgf@countb=\count363
\c@pgf@countc=\count364
\c@pgf@countd=\count365
\t@pgf@toka=\toks38
\t@pgf@tokb=\toks39
\t@pgf@tokc=\toks40
\pgf@sys@id@count=\count366

(/localhome/home/pmtjfa/local-texlive/install-tl-20230216/2026/texmf-dist/tex/g
eneric/pgf/systemlayer/pgf.cfg
File: pgf.cfg 2025-08-29 v3.1.11a (3.1.11a)
)
Driver file for pgf: pgfsys-pdftex.def

(/localhome/home/pmtjfa/local-texlive/install-tl-20230216/2026/texmf-dist/tex/g
eneric/pgf/systemlayer/pgfsys-pdftex.def
File: pgfsys-pdftex.def 2025-08-29 v3.1.11a (3.1.11a)

(/localhome/home/pmtjfa/local-texlive/install-tl-20230216/2026/texmf-dist/tex/g
eneric/pgf/systemlayer/pgfsys-common-pdf.def
File: pgfsys-common-pdf.def 2025-08-29 v3.1.11a (3.1.11a)
)))
(/localhome/home/pmtjfa/local-texlive/install-tl-20230216/2026/texmf-dist/tex/g
eneric/pgf/systemlayer/pgfsyssoftpath.code.tex
File: pgfsyssoftpath.code.tex 2025-08-29 v3.1.11a (3.1.11a)
\pgfsyssoftpath@smallbuffer@items=\count367
\pgfsyssoftpath@bigbuffer@items=\count368
)
(/localhome/home/pmtjfa/local-texlive/install-tl-20230216/2026/texmf-dist/tex/g
eneric/pgf/systemlayer/pgfsysprotocol.code.tex
File: pgfsysprotocol.code.tex 2025-08-29 v3.1.11a (3.1.11a)
))
(/localhome/home/pmtjfa/local-texlive/install-tl-20230216/2026/texmf-dist/tex/l
atex/lwarp/lwarp-xcolor.sty
Package lwarp Info: Using package `xcolor',
(lwarp)             and adding lwarp modifications, including options,
(lwarp)              on input line 21.
Package: lwarp-xcolor 2023-11-15

(/localhome/home/pmtjfa/local-texlive/install-tl-20230216/2026/texmf-dist/tex/l
atex/xcolor/xcolor.sty
Package: xcolor 2024/09/29 v3.02 LaTeX color extensions (UK)

(/localhome/home/pmtjfa/local-texlive/install-tl-20230216/2026/texmf-dist/tex/l
atex/graphics-cfg/color.cfg
File: color.cfg 2016/01/02 v1.6 sample color configuration
)
Package xcolor Info: Driver file: pdftex.def on input line 274.

(/localhome/home/pmtjfa/local-texlive/install-tl-20230216/2026/texmf-dist/tex/l
atex/graphics/mathcolor.ltx)
Package xcolor Info: Model `cmy' substituted by `cmy0' on input line 1349.
Package xcolor Info: Model `hsb' substituted by `rgb' on input line 1353.
Package xcolor Info: Model `RGB' extended on input line 1365.
Package xcolor Info: Model `HTML' substituted by `rgb' on input line 1367.
Package xcolor Info: Model `Hsb' substituted by `hsb' on input line 1368.
Package xcolor Info: Model `tHsb' substituted by `hsb' on input line 1369.
Package xcolor Info: Model `HSB' substituted by `hsb' on input line 1370.
Package xcolor Info: Model `Gray' substituted by `gray' on input line 1371.
Package xcolor Info: Model `wave' substituted by `hsb' on input line 1372.
))
(/localhome/home/pmtjfa/local-texlive/install-tl-20230216/2026/texmf-dist/tex/g
eneric/pgf/basiclayer/pgfcore.code.tex
Package: pgfcore 2025-08-29 v3.1.11a (3.1.11a)

(/localhome/home/pmtjfa/local-texlive/install-tl-20230216/2026/texmf-dist/tex/g
eneric/pgf/math/pgfmath.code.tex
(/localhome/home/pmtjfa/local-texlive/install-tl-20230216/2026/texmf-dist/tex/g
eneric/pgf/math/pgfmathutil.code.tex)
(/localhome/home/pmtjfa/local-texlive/install-tl-20230216/2026/texmf-dist/tex/g
eneric/pgf/math/pgfmathparser.code.tex
\pgfmath@dimen=\dimen266
\pgfmath@count=\count369
\pgfmath@box=\box66
\pgfmath@toks=\toks41
\pgfmath@stack@operand=\toks42
\pgfmath@stack@operation=\toks43
)
(/localhome/home/pmtjfa/local-texlive/install-tl-20230216/2026/texmf-dist/tex/g
eneric/pgf/math/pgfmathfunctions.code.tex)
(/localhome/home/pmtjfa/local-texlive/install-tl-20230216/2026/texmf-dist/tex/g
eneric/pgf/math/pgfmathfunctions.basic.code.tex)
(/localhome/home/pmtjfa/local-texlive/install-tl-20230216/2026/texmf-dist/tex/g
eneric/pgf/math/pgfmathfunctions.trigonometric.code.tex)
(/localhome/home/pmtjfa/local-texlive/install-tl-20230216/2026/texmf-dist/tex/g
eneric/pgf/math/pgfmathfunctions.random.code.tex)
(/localhome/home/pmtjfa/local-texlive/install-tl-20230216/2026/texmf-dist/tex/g
eneric/pgf/math/pgfmathfunctions.comparison.code.tex)
(/localhome/home/pmtjfa/local-texlive/install-tl-20230216/2026/texmf-dist/tex/g
eneric/pgf/math/pgfmathfunctions.base.code.tex)
(/localhome/home/pmtjfa/local-texlive/install-tl-20230216/2026/texmf-dist/tex/g
eneric/pgf/math/pgfmathfunctions.round.code.tex)
(/localhome/home/pmtjfa/local-texlive/install-tl-20230216/2026/texmf-dist/tex/g
eneric/pgf/math/pgfmathfunctions.misc.code.tex)
(/localhome/home/pmtjfa/local-texlive/install-tl-20230216/2026/texmf-dist/tex/g
eneric/pgf/math/pgfmathfunctions.integerarithmetics.code.tex)
(/localhome/home/pmtjfa/local-texlive/install-tl-20230216/2026/texmf-dist/tex/g
eneric/pgf/math/pgfmathcalc.code.tex)
(/localhome/home/pmtjfa/local-texlive/install-tl-20230216/2026/texmf-dist/tex/g
eneric/pgf/math/pgfmathfloat.code.tex
\c@pgfmathroundto@lastzeros=\count370
))
(/localhome/home/pmtjfa/local-texlive/install-tl-20230216/2026/texmf-dist/tex/g
eneric/pgf/math/pgfint.code.tex)
(/localhome/home/pmtjfa/local-texlive/install-tl-20230216/2026/texmf-dist/tex/g
eneric/pgf/basiclayer/pgfcorepoints.code.tex
File: pgfcorepoints.code.tex 2025-08-29 v3.1.11a (3.1.11a)
\pgf@picminx=\dimen267
\pgf@picmaxx=\dimen268
\pgf@picminy=\dimen269
\pgf@picmaxy=\dimen270
\pgf@pathminx=\dimen271
\pgf@pathmaxx=\dimen272
\pgf@pathminy=\dimen273
\pgf@pathmaxy=\dimen274
\pgf@xx=\dimen275
\pgf@xy=\dimen276
\pgf@yx=\dimen277
\pgf@yy=\dimen278
\pgf@zx=\dimen279
\pgf@zy=\dimen280
)
(/localhome/home/pmtjfa/local-texlive/install-tl-20230216/2026/texmf-dist/tex/g
eneric/pgf/basiclayer/pgfcorepathconstruct.code.tex
File: pgfcorepathconstruct.code.tex 2025-08-29 v3.1.11a (3.1.11a)
\pgf@path@lastx=\dimen281
\pgf@path@lasty=\dimen282
)
(/localhome/home/pmtjfa/local-texlive/install-tl-20230216/2026/texmf-dist/tex/g
eneric/pgf/basiclayer/pgfcorepathusage.code.tex
File: pgfcorepathusage.code.tex 2025-08-29 v3.1.11a (3.1.11a)
\pgf@shorten@end@additional=\dimen283
\pgf@shorten@start@additional=\dimen284
)
(/localhome/home/pmtjfa/local-texlive/install-tl-20230216/2026/texmf-dist/tex/g
eneric/pgf/basiclayer/pgfcorescopes.code.tex
File: pgfcorescopes.code.tex 2025-08-29 v3.1.11a (3.1.11a)
\pgfpic=\box67
\pgf@hbox=\box68
\pgf@layerbox@main=\box69
\pgf@picture@serial@count=\count371
)
(/localhome/home/pmtjfa/local-texlive/install-tl-20230216/2026/texmf-dist/tex/g
eneric/pgf/basiclayer/pgfcoregraphicstate.code.tex
File: pgfcoregraphicstate.code.tex 2025-08-29 v3.1.11a (3.1.11a)
\pgflinewidth=\dimen285
)
(/localhome/home/pmtjfa/local-texlive/install-tl-20230216/2026/texmf-dist/tex/g
eneric/pgf/basiclayer/pgfcoretransformations.code.tex
File: pgfcoretransformations.code.tex 2025-08-29 v3.1.11a (3.1.11a)
\pgf@pt@x=\dimen286
\pgf@pt@y=\dimen287
\pgf@pt@temp=\dimen288
)
(/localhome/home/pmtjfa/local-texlive/install-tl-20230216/2026/texmf-dist/tex/g
eneric/pgf/basiclayer/pgfcorequick.code.tex
File: pgfcorequick.code.tex 2025-08-29 v3.1.11a (3.1.11a)
)
(/localhome/home/pmtjfa/local-texlive/install-tl-20230216/2026/texmf-dist/tex/g
eneric/pgf/basiclayer/pgfcoreobjects.code.tex
File: pgfcoreobjects.code.tex 2025-08-29 v3.1.11a (3.1.11a)
)
(/localhome/home/pmtjfa/local-texlive/install-tl-20230216/2026/texmf-dist/tex/g
eneric/pgf/basiclayer/pgfcorepathprocessing.code.tex
File: pgfcorepathprocessing.code.tex 2025-08-29 v3.1.11a (3.1.11a)
)
(/localhome/home/pmtjfa/local-texlive/install-tl-20230216/2026/texmf-dist/tex/g
eneric/pgf/basiclayer/pgfcorearrows.code.tex
File: pgfcorearrows.code.tex 2025-08-29 v3.1.11a (3.1.11a)
\pgfarrowsep=\dimen289
)
(/localhome/home/pmtjfa/local-texlive/install-tl-20230216/2026/texmf-dist/tex/g
eneric/pgf/basiclayer/pgfcoreshade.code.tex
File: pgfcoreshade.code.tex 2025-08-29 v3.1.11a (3.1.11a)
\pgf@max=\dimen290
\pgf@sys@shading@range@num=\count372
\pgf@shadingcount=\count373
)
(/localhome/home/pmtjfa/local-texlive/install-tl-20230216/2026/texmf-dist/tex/g
eneric/pgf/basiclayer/pgfcoreimage.code.tex
File: pgfcoreimage.code.tex 2025-08-29 v3.1.11a (3.1.11a)
)
(/localhome/home/pmtjfa/local-texlive/install-tl-20230216/2026/texmf-dist/tex/g
eneric/pgf/basiclayer/pgfcoreexternal.code.tex
File: pgfcoreexternal.code.tex 2025-08-29 v3.1.11a (3.1.11a)
\pgfexternal@startupbox=\box70
)
(/localhome/home/pmtjfa/local-texlive/install-tl-20230216/2026/texmf-dist/tex/g
eneric/pgf/basiclayer/pgfcorelayers.code.tex
File: pgfcorelayers.code.tex 2025-08-29 v3.1.11a (3.1.11a)
)
(/localhome/home/pmtjfa/local-texlive/install-tl-20230216/2026/texmf-dist/tex/g
eneric/pgf/basiclayer/pgfcoretransparency.code.tex
File: pgfcoretransparency.code.tex 2025-08-29 v3.1.11a (3.1.11a)
)
(/localhome/home/pmtjfa/local-texlive/install-tl-20230216/2026/texmf-dist/tex/g
eneric/pgf/basiclayer/pgfcorepatterns.code.tex
File: pgfcorepatterns.code.tex 2025-08-29 v3.1.11a (3.1.11a)
)
(/localhome/home/pmtjfa/local-texlive/install-tl-20230216/2026/texmf-dist/tex/g
eneric/pgf/basiclayer/pgfcorerdf.code.tex
File: pgfcorerdf.code.tex 2025-08-29 v3.1.11a (3.1.11a)
)))
(/localhome/home/pmtjfa/local-texlive/install-tl-20230216/2026/texmf-dist/tex/g
eneric/pgf/modules/pgfmoduleshapes.code.tex
File: pgfmoduleshapes.code.tex 2025-08-29 v3.1.11a (3.1.11a)
\pgfnodeparttextbox=\box71
)
(/localhome/home/pmtjfa/local-texlive/install-tl-20230216/2026/texmf-dist/tex/g
eneric/pgf/modules/pgfmoduleplot.code.tex
File: pgfmoduleplot.code.tex 2025-08-29 v3.1.11a (3.1.11a)
)
(/localhome/home/pmtjfa/local-texlive/install-tl-20230216/2026/texmf-dist/tex/l
atex/pgf/compatibility/pgfcomp-version-0-65.sty
Package: pgfcomp-version-0-65 2025-08-29 v3.1.11a (3.1.11a)
\pgf@nodesepstart=\dimen291
\pgf@nodesepend=\dimen292
)
(/localhome/home/pmtjfa/local-texlive/install-tl-20230216/2026/texmf-dist/tex/l
atex/pgf/compatibility/pgfcomp-version-1-18.sty
Package: pgfcomp-version-1-18 2025-08-29 v3.1.11a (3.1.11a)
))
(/localhome/home/pmtjfa/local-texlive/install-tl-20230216/2026/texmf-dist/tex/l
atex/pgf/utilities/pgffor.sty
(/localhome/home/pmtjfa/local-texlive/install-tl-20230216/2026/texmf-dist/tex/l
atex/pgf/utilities/pgfkeys.sty
(/localhome/home/pmtjfa/local-texlive/install-tl-20230216/2026/texmf-dist/tex/g
eneric/pgf/utilities/pgfkeys.code.tex))
(/localhome/home/pmtjfa/local-texlive/install-tl-20230216/2026/texmf-dist/tex/l
atex/pgf/math/pgfmath.sty
(/localhome/home/pmtjfa/local-texlive/install-tl-20230216/2026/texmf-dist/tex/g
eneric/pgf/math/pgfmath.code.tex))
(/localhome/home/pmtjfa/local-texlive/install-tl-20230216/2026/texmf-dist/tex/g
eneric/pgf/utilities/pgffor.code.tex
Package: pgffor 2025-08-29 v3.1.11a (3.1.11a)
\pgffor@iter=\dimen293
\pgffor@skip=\dimen294
\pgffor@stack=\toks44
\pgffor@toks=\toks45
))
(/localhome/home/pmtjfa/local-texlive/install-tl-20230216/2026/texmf-dist/tex/g
eneric/pgf/frontendlayer/tikz/tikz.code.tex
Package: tikz 2025-08-29 v3.1.11a (3.1.11a)

(/localhome/home/pmtjfa/local-texlive/install-tl-20230216/2026/texmf-dist/tex/g
eneric/pgf/libraries/pgflibraryplothandlers.code.tex
File: pgflibraryplothandlers.code.tex 2025-08-29 v3.1.11a (3.1.11a)
\pgf@plot@mark@count=\count374
\pgfplotmarksize=\dimen295
)
\tikz@lastx=\dimen296
\tikz@lasty=\dimen297
\tikz@lastxsaved=\dimen298
\tikz@lastysaved=\dimen299
\tikz@lastmovetox=\dimen300
\tikz@lastmovetoy=\dimen301
\tikzleveldistance=\dimen302
\tikzsiblingdistance=\dimen303
\tikz@figbox=\box72
\tikz@figbox@bg=\box73
\tikz@tempbox=\box74
\tikz@tempbox@bg=\box75
\tikztreelevel=\count375
\tikznumberofchildren=\count376
\tikznumberofcurrentchild=\count377
\tikz@fig@count=\count378

(/localhome/home/pmtjfa/local-texlive/install-tl-20230216/2026/texmf-dist/tex/g
eneric/pgf/modules/pgfmodulematrix.code.tex
File: pgfmodulematrix.code.tex 2025-08-29 v3.1.11a (3.1.11a)
\pgfmatrixcurrentrow=\count379
\pgfmatrixcurrentcolumn=\count380
\pgf@matrix@numberofcolumns=\count381
)
\tikz@expandcount=\count382

(/localhome/home/pmtjfa/local-texlive/install-tl-20230216/2026/texmf-dist/tex/g
eneric/pgf/frontendlayer/tikz/libraries/tikzlibrarytopaths.code.tex
File: tikzlibrarytopaths.code.tex 2025-08-29 v3.1.11a (3.1.11a)
)))
(/localhome/home/pmtjfa/local-texlive/install-tl-20230216/2026/texmf-dist/tex/g
eneric/pgf/frontendlayer/tikz/libraries/tikzlibrarybabel.code.tex
File: tikzlibrarybabel.code.tex 2025-08-29 v3.1.11a (3.1.11a)
))
(/localhome/home/pmtjfa/local-texlive/install-tl-20230216/2026/texmf-dist/tex/l
atex/tikz-cd/tikz-cd.sty
Package: tikz-cd 2021/05/04 v1.0 Commutative diagrams with TikZ

(/localhome/home/pmtjfa/local-texlive/install-tl-20230216/2026/texmf-dist/tex/g
eneric/tikz-cd/tikzlibrarycd.code.tex
(/localhome/home/pmtjfa/local-texlive/install-tl-20230216/2026/texmf-dist/tex/g
eneric/pgf/frontendlayer/tikz/libraries/tikzlibrarymatrix.code.tex
File: tikzlibrarymatrix.code.tex 2025-08-29 v3.1.11a (3.1.11a)
)
(/localhome/home/pmtjfa/local-texlive/install-tl-20230216/2026/texmf-dist/tex/g
eneric/pgf/frontendlayer/tikz/libraries/tikzlibraryquotes.code.tex
File: tikzlibraryquotes.code.tex 2025-08-29 v3.1.11a (3.1.11a)
)
(/localhome/home/pmtjfa/local-texlive/install-tl-20230216/2026/texmf-dist/tex/g
eneric/pgf/libraries/pgflibraryarrows.meta.code.tex
File: pgflibraryarrows.meta.code.tex 2025-08-29 v3.1.11a (3.1.11a)
\pgfarrowinset=\dimen304
\pgfarrowlength=\dimen305
\pgfarrowwidth=\dimen306
\pgfarrowlinewidth=\dimen307
)))
(/localhome/home/pmtjfa/local-texlive/install-tl-20230216/2026/texmf-dist/tex/g
eneric/babel/babel.sty
Package: babel 2026/02/14 v26.3 The multilingual framework for LuaLaTeX, pdfLaT
eX and XeLaTeX
\babel@savecnt=\count383
LaTeX Encoding Info:    Redeclaring text command \ij (encoding OT1) on input li
ne 2078.
LaTeX Encoding Info:    Redeclaring text command \IJ (encoding OT1) on input li
ne 2080.
LaTeX Encoding Info:    Redeclaring text command \ij (encoding T1) on input lin
e 2082.
LaTeX Encoding Info:    Redeclaring text command \IJ (encoding T1) on input lin
e 2083.
LaTeX Encoding Info:    Ignoring declaration for text command \ij (encoding ?) 
on input line 2084.
LaTeX Encoding Info:    Ignoring declaration for text command \IJ (encoding ?) 
on input line 2086.
LaTeX Encoding Info:    Ignoring declaration for text command \SS (encoding ?) 
on input line 2111.
\U@D=\dimen308
\l@unhyphenated=\language91

(/localhome/home/pmtjfa/local-texlive/install-tl-20230216/2026/texmf-dist/tex/g
eneric/babel/txtbabel.def)
\bbl@readstream=\read6
\bbl@dirlevel=\count384

(/localhome/home/pmtjfa/local-texlive/install-tl-20230216/2026/texmf-dist/tex/g
eneric/babel/locale/en/babel-english.tex)
Package babel Info: Importing font and identification data for english
(babel)             from babel-en.ini. Reported on input line 4330.

(/localhome/home/pmtjfa/local-texlive/install-tl-20230216/2026/texmf-dist/tex/g
eneric/babel-english/english.ldf
Language: english 2017/06/06 v3.3r English support from the babel system
Package babel Info: Hyphen rules for 'canadian' set to \l@english
(babel)             (\language0). Reported on input line 102.
Package babel Info: Hyphen rules for 'australian' set to \l@ukenglish
(babel)             (\language22). Reported on input line 105.
Package babel Info: Hyphen rules for 'newzealand' set to \l@ukenglish
(babel)             (\language22). Reported on input line 108.
))
(/localhome/home/pmtjfa/local-texlive/install-tl-20230216/2026/texmf-dist/tex/l
atex/lwarp/lwarp-hyperref.sty
Package lwarp Info: Using the lwarp HTML version of package `hyperref',
(lwarp)             and discarding options except backref, pagebackref.
(lwarp)             (Not using \ProvidesPackage, so that other packages
(lwarp)             do not attempt to patch lwarp's version of `hyperref'.)
(lwarp)              on input line 25.
\XeTeXLinkMargin=\dimen309
)
(/localhome/home/pmtjfa/local-texlive/install-tl-20230216/2026/texmf-dist/tex/l
atex/amsfonts/amssymb.sty
Package: amssymb 2013/01/14 v3.01 AMS font symbols

(/localhome/home/pmtjfa/local-texlive/install-tl-20230216/2026/texmf-dist/tex/l
atex/amsfonts/amsfonts.sty
Package: amsfonts 2013/01/14 v3.01 Basic AMSFonts support
\@emptytoks=\toks46
\symAMSa=\mathgroup4
\symAMSb=\mathgroup5
LaTeX Font Info:    Redeclaring math symbol \hbar on input line 98.
LaTeX Font Info:    Overwriting math alphabet `\mathfrak' in version `bold'
(Font)                  U/euf/m/n --> U/euf/b/n on input line 106.
))
(/localhome/home/pmtjfa/local-texlive/install-tl-20230216/2026/texmf-dist/tex/l
atex/amsmath/amscd.sty
Package: amscd 2017/04/14 v2.1 AMS Commutative Diagrams

(/localhome/home/pmtjfa/local-texlive/install-tl-20230216/2026/texmf-dist/tex/l
atex/amsmath/amsgen.sty
File: amsgen.sty 1999/11/30 v2.0 generic functions
\@emptytoks=\toks47
\ex@=\dimen310
)
\athelp@=\toks48
\minaw@=\dimen311
\bigaw@=\dimen312
\minCDarrowwidth=\dimen313
)
(/localhome/home/pmtjfa/local-texlive/install-tl-20230216/2026/texmf-dist/tex/l
atex/lwarp/lwarp-caption.sty
---
Packages lwarp and caption:
If a ``Missing \begin{document}'' error occurs here,
try using:  \usepackage{caption} \captionsetup{options}
instead of: \usepackage[options]{caption}.
---
Package lwarp Info: Using package `caption',
(lwarp)             and adding lwarp modifications, including options,
(lwarp)              on input line 27.
Package: lwarp-caption 2023/08/05

(/localhome/home/pmtjfa/local-texlive/install-tl-20230216/2026/texmf-dist/tex/l
atex/caption/caption.sty
Package: caption 2023/08/05 v3.6o Customizing captions (AR)

(/localhome/home/pmtjfa/local-texlive/install-tl-20230216/2026/texmf-dist/tex/l
atex/lwarp/lwarp-caption3.sty
Package lwarp Info: Using package `caption3',
(lwarp)             and adding lwarp modifications, including options,
(lwarp)              on input line 19.
Package: lwarp-caption3 2023/07/31

(/localhome/home/pmtjfa/local-texlive/install-tl-20230216/2026/texmf-dist/tex/l
atex/caption/caption3.sty
Package: caption3 2023/07/31 v2.4d caption3 kernel (AR)
\caption@tempdima=\dimen314
\captionmargin=\dimen315
\caption@leftmargin=\dimen316
\caption@rightmargin=\dimen317
\caption@width=\dimen318
\caption@indent=\dimen319
\caption@parindent=\dimen320
\caption@hangindent=\dimen321
Package caption Info: Standard document class detected.
))
\c@caption@flags=\count385
\c@continuedfloat=\count386
))
(/localhome/home/pmtjfa/local-texlive/install-tl-20230216/2026/texmf-dist/tex/l
atex/lwarp/lwarp-ulem.sty
Package lwarp Info: Using package `ulem',
(lwarp)             and adding lwarp modifications, including options,
(lwarp)              on input line 19.
Package: lwarp-ulem 2012/05/18

(/localhome/home/pmtjfa/local-texlive/install-tl-20230216/2026/texmf-dist/tex/g
eneric/ulem/ulem.sty
\UL@box=\box76
\UL@hyphenbox=\box77
\UL@skip=\skip78
\UL@hook=\toks49
\UL@height=\dimen322
\UL@pe=\count387
\UL@pixel=\dimen323
\ULC@box=\box78
Package: ulem 2019/11/18
\ULdepth=\dimen324
))
(/localhome/home/pmtjfa/local-texlive/install-tl-20230216/2026/texmf-dist/tex/l
atex/lwarp/lwarp-geometry.sty
Package lwarp Info: Replacing package `geometry' with the lwarp version,
(lwarp)             and discarding options, on input line 20.
Package: lwarp-geometry 2018/04/16
)
(/localhome/home/pmtjfa/local-texlive/install-tl-20230216/2026/texmf-dist/tex/l
atex/lwarp/lwarp-amsmath.sty
Package lwarp Info: Using package `amsmath',
(lwarp)             and adding lwarp modifications, including options,
(lwarp)              on input line 18.
Package: lwarp-amsmath 2017/09/02

(/localhome/home/pmtjfa/local-texlive/install-tl-20230216/2026/texmf-dist/tex/l
atex/amsmath/amsmath.sty
Package: amsmath 2025/07/09 v2.17z AMS math features
\@mathmargin=\skip79

For additional information on amsmath, use the `?' option.

(/localhome/home/pmtjfa/local-texlive/install-tl-20230216/2026/texmf-dist/tex/l
atex/amsmath/amstext.sty
Package: amstext 2024/11/17 v2.01 AMS text
)
(/localhome/home/pmtjfa/local-texlive/install-tl-20230216/2026/texmf-dist/tex/l
atex/amsmath/amsbsy.sty
Package: amsbsy 1999/11/29 v1.2d Bold Symbols
\pmbraise@=\dimen325
)
(/localhome/home/pmtjfa/local-texlive/install-tl-20230216/2026/texmf-dist/tex/l
atex/amsmath/amsopn.sty
Package: amsopn 2022/04/08 v2.04 operator names
)
\inf@bad=\count388
LaTeX Info: Redefining \frac on input line 233.
\uproot@=\count389
\leftroot@=\count390
LaTeX Info: Redefining \overline on input line 398.
LaTeX Info: Redefining \colon on input line 409.
\classnum@=\count391
\DOTSCASE@=\count392
LaTeX Info: Redefining \ldots on input line 495.
LaTeX Info: Redefining \dots on input line 498.
LaTeX Info: Redefining \cdots on input line 619.
\Mathstrutbox@=\box79
\strutbox@=\box80
LaTeX Info: Redefining \big on input line 721.
LaTeX Info: Redefining \Big on input line 722.
LaTeX Info: Redefining \bigg on input line 723.
LaTeX Info: Redefining \Bigg on input line 724.
\big@size=\dimen326
LaTeX Font Info:    Redeclaring font encoding OML on input line 742.
LaTeX Font Info:    Redeclaring font encoding OMS on input line 743.
\macc@depth=\count393
LaTeX Info: Redefining \bmod on input line 904.
LaTeX Info: Redefining \pmod on input line 909.
LaTeX Info: Redefining \smash on input line 939.
LaTeX Info: Redefining \relbar on input line 969.
LaTeX Info: Redefining \Relbar on input line 970.
\c@MaxMatrixCols=\count394
\dotsspace@=\muskip17
\c@parentequation=\count395
\dspbrk@lvl=\count396
\tag@help=\toks50
\row@=\count397
\column@=\count398
\maxfields@=\count399
\andhelp@=\toks51
\eqnshift@=\dimen327
\alignsep@=\dimen328
\tagshift@=\dimen329
\tagwidth@=\dimen330
\totwidth@=\dimen331
\lineht@=\dimen332
\@envbody=\toks52
\multlinegap=\skip80
\multlinetaggap=\skip81
\mathdisplay@stack=\toks53
LaTeX Info: Redefining \[ on input line 2950.
LaTeX Info: Redefining \] on input line 2951.
)
\c@LWR@amsmathdepth=\count400
\c@LWR@maxfields@=\count401
 Including 'warpMathJax' comment.
\openout3 = `comment_mathjax.cut'.


Straight input of comment_mathjax.cut. (./comment_mathjax.cut))
(/localhome/home/pmtjfa/local-texlive/install-tl-20230216/2026/texmf-dist/tex/l
atex/lwarp/lwarp-amsthm.sty
Package lwarp Info: Using package `amsthm',
(lwarp)             and adding lwarp modifications, including options,
(lwarp)              on input line 35.
Package: lwarp-amsthm 2017/10/31

(/localhome/home/pmtjfa/local-texlive/install-tl-20230216/2026/texmf-dist/tex/l
atex/amscls/amsthm.sty
Package: amsthm 2020/05/29 v2.20.6
\thm@style=\toks54
\thm@bodyfont=\toks55
\thm@headfont=\toks56
\thm@notefont=\toks57
\thm@headpunct=\toks58
\thm@preskip=\skip82
\thm@postskip=\skip83
\thm@headsep=\skip84
\dth@everypar=\toks59
)
LaTeX Info: Redefining \qed on input line 195.
)
\c@Theorem=\count402
\c@Fundamental Theorem=\count403
 Including 'warpHTML' comment.
\openout3 = `comment_html.cut'.


Straight input of comment_html.cut. (./comment_html.cut)
\LWR@userspaperwidth=\skip85
\LWR@userspaperheight=\skip86
\LWR@usersmarginparwidth=\skip87
\LWR@userstextwidth=\skip88
\LWR@userstextheight=\skip89

(/localhome/home/pmtjfa/local-texlive/install-tl-20230216/2026/texmf-dist/tex/l
atex/lwarp/lwarp-cleveref.sty
Package lwarp Info: Using package `cleveref',
(lwarp)             and adding lwarp modifications, including options,
(lwarp)              on input line 18.
Package: lwarp-cleveref 2018/03/27

(/localhome/home/pmtjfa/local-texlive/install-tl-20230216/2026/texmf-dist/tex/l
atex/cleveref/cleveref.sty
Package: cleveref 2018/03/27 v0.21.4 Intelligent cross-referencing
Package cleveref Info: `amsthm' support loaded on input line 3026.
)
==> First Aid for cleveref.sty applied!
) (./Sample_Lwarp_Xy-jax_html.aux)
\openout1 = `Sample_Lwarp_Xy-jax_html.aux'.

LaTeX Font Info:    Checking defaults for OML/cmm/m/it on input line 171.
LaTeX Font Info:    ... okay on input line 171.
LaTeX Font Info:    Checking defaults for OMS/cmsy/m/n on input line 171.
LaTeX Font Info:    ... okay on input line 171.
LaTeX Font Info:    Checking defaults for OT1/cmr/m/n on input line 171.
LaTeX Font Info:    ... okay on input line 171.
LaTeX Font Info:    Checking defaults for T1/cmr/m/n on input line 171.
LaTeX Font Info:    ... okay on input line 171.
LaTeX Font Info:    Checking defaults for TS1/cmr/m/n on input line 171.
LaTeX Font Info:    ... okay on input line 171.
LaTeX Font Info:    Checking defaults for OMX/cmex/m/n on input line 171.
LaTeX Font Info:    ... okay on input line 171.
LaTeX Font Info:    Checking defaults for U/cmr/m/n on input line 171.
LaTeX Font Info:    ... okay on input line 171.
LaTeX Info: Redefining \microtypecontext on input line 171.
Package microtype Info: Applying patch `item' on input line 171.
Package microtype Info: Applying patch `toc' on input line 171.
Package microtype Info: Applying patch `eqnum' on input line 171.


Package microtype Warning: Unable to apply patch `footnote' on input line 171.

Package microtype Info: Applying patch `verbatim' on input line 171.
LaTeX Info: Redefining \microtypesetup on input line 171.
Package microtype Info: Generating PDF output.
Package microtype Info: No character protrusion.
Package microtype Info: No font expansion.
Package microtype Info: No adjustment of tracking.
Package microtype Info: No adjustment of interword spacing.
Package microtype Info: No adjustment of character kerning.

(/localhome/home/pmtjfa/local-texlive/install-tl-20230216/2026/texmf-dist/tex/l
atex/microtype/mt-cmr.cfg
File: mt-cmr.cfg 2013/05/19 v2.2 microtype config. file: Computer Modern Roman 
(RS)
)
*geometry* driver: auto-detecting
*geometry* detected driver: pdftex
*geometry* verbose mode - [ preamble ] result:
* driver: pdftex
* paper: custom
* layout: <same size as paper>
* layoutoffset:(h,v)=(0.0pt,0.0pt)
* modes: heightrounded 
* h-part:(L,W,R)=(144.54pt, 867.24pt, 433.62pt)
* v-part:(T,H,B)=(72.26999pt, 13586.76001pt, 72.26999pt)
* \paperwidth=1445.4pt
* \paperheight=13731.29999pt
* \textwidth=1011.77557pt
* \textheight=10985.0819pt
* \oddsidemargin=72.27pt
* \evensidemargin=72.27pt
* \topmargin=-37.0pt
* \headheight=12.0pt
* \headsep=25.0pt
* \topskip=12.0pt
* \footskip=30.0pt
* \marginparwidth=35.0pt
* \marginparsep=10.0pt
* \columnsep=10.0pt
* \skip\footins=10.8pt plus 4.0pt minus 2.0pt
* \hoffset=0.0pt
* \voffset=0.0pt
* \mag=1000
* \@twocolumnfalse
* \@twosidefalse
* \@mparswitchfalse
* \@reversemarginfalse
* (1in=72.27pt=25.4mm, 1cm=28.453pt)

\LWR@colorminipagebox=\box81

Package lwarp Info: Babel has been loaded. Lwarp also uses cleveref.
(lwarp)             See the cleveref documentation regarding
(lwarp)             babel support. Some languages are not supported.


Package lwarp Warning: Lwarp does not provide MathJax support for xy.
(lwarp)                In text, xy works as-is. SVG images will be generated.
(lwarp)                SVG math output may be enabled for select math
(lwarp)                expressions to preserve xy visual
(lwarp)                features for those particular expressions.
(lwarp)                Before the chosen inline math, use \inlinemathother
(lwarp)                to begin using SVG math, and \inlinemathnormal
(lwarp)                afterward to resume using MathJax math.
(lwarp)                Before display math, use \displaymathother
(lwarp)                to begin using SVG math, and use \displaymathnormal
(lwarp)                after to resume using MathJax for the following math.
(lwarp)                Or, use SVG math for all expressions by removing
(lwarp)                the mathjax option for the lwarp package.

LaTeX Font Info:    Trying to load font information for U+msa on input line 171
.

(/localhome/home/pmtjfa/local-texlive/install-tl-20230216/2026/texmf-dist/tex/l
atex/amsfonts/umsa.fd
File: umsa.fd 2013/01/14 v3.01 AMS symbols A
)
(/localhome/home/pmtjfa/local-texlive/install-tl-20230216/2026/texmf-dist/tex/l
atex/microtype/mt-msa.cfg
File: mt-msa.cfg 2006/02/04 v1.1 microtype config. file: AMS symbols (a) (RS)
)
LaTeX Font Info:    Trying to load font information for U+msb on input line 171
.

(/localhome/home/pmtjfa/local-texlive/install-tl-20230216/2026/texmf-dist/tex/l
atex/amsfonts/umsb.fd
File: umsb.fd 2013/01/14 v3.01 AMS symbols B
)
(/localhome/home/pmtjfa/local-texlive/install-tl-20230216/2026/texmf-dist/tex/l
atex/microtype/mt-msb.cfg
File: mt-msb.cfg 2005/06/01 v1.0 microtype config. file: AMS symbols (b) (RS)
)
Package xypdf Info: Line width: 0.47998pt on input line 171.

(/localhome/home/pmtjfa/local-texlive/install-tl-20230216/2026/texmf-dist/tex/c
ontext/base/mkii/supp-pdf.mkii
[Loading MPS to PDF converter (version 2006.09.02).]
\scratchcounter=\count404
\scratchdimen=\dimen333
\scratchbox=\box82
\nofMPsegments=\count405
\nofMParguments=\count406
\everyMPshowfont=\toks60
\MPscratchCnt=\count407
\MPscratchDim=\dimen334
\MPnumerator=\count408
\makeMPintoPDFobject=\count409
\everyMPtoPDFconversion=\toks61
)
(/localhome/home/pmtjfa/local-texlive/install-tl-20230216/2026/texmf-dist/tex/l
atex/lwarp/lwarp-epstopdf-base.sty
Package lwarp Info: Using package `epstopdf-base',
(lwarp)             and adding lwarp modifications, including options,
(lwarp)              on input line 18.
Package: lwarp-epstopdf-base 2020-01-24

(/localhome/home/pmtjfa/local-texlive/install-tl-20230216/2026/texmf-dist/tex/l
atex/epstopdf-pkg/epstopdf-base.sty
Package: epstopdf-base 2020-01-24 v2.11 Base part for package epstopdf
Package epstopdf-base Info: Redefining graphics rule for `.eps' on input line 4
85.

(/localhome/home/pmtjfa/local-texlive/install-tl-20230216/2026/texmf-dist/tex/l
atex/latexconfig/epstopdf-sys.cfg
File: epstopdf-sys.cfg 2010/07/13 v1.3 Configuration of (r)epstopdf for TeX Liv
e
)))
Package caption Info: Begin \AtBeginDocument code.
Package caption Info: End \AtBeginDocument code.
Package lwarp Info: Removing background hook on input line 171.
\openout5 = `Sample_Lwarp_Xy-jax-images.txt'.

File: "lwarp-with-Xy-jax_v6.txt"  (verbatim)

Overfull \hbox (29.22021pt too wide) in paragraph at lines 171--171
[]\T1/cmtt/m/n/8 To generate a custom script, such as to use a local repository
, copy lwarp_mathjax.txt to a new file, make changes while keeping lwarp-s adju
stments for equation numbering and starred macros, and use \MathJaxFilename to 
select the new filename."[] 
 []

---
Package lwarp:
Processing MathJax customizations for the first HTML page.
Later HTML pages will take the same amount of time.
If this takes too long, see the Lwarp manual regarding customizing MathJax.
Done.
---
[1

{/localhome/home/pmtjfa/local-texlive/install-tl-20230216/2026/texmf-var/fonts/
map/pdftex/updmap/pdftex.map}{/localhome/home/pmtjfa/local-texlive/install-tl-2
0230216/2026/texmf-dist/fonts/enc/dvips/cm-super/cm-super-t1.enc}{/localhome/ho
me/pmtjfa/local-texlive/install-tl-20230216/2026/texmf-dist/fonts/enc/dvips/cm-
super/cm-super-ts1.enc}]
\openout6 = `Sample_Lwarp_Xy-jax_html.sidetoc'.

 [2] (./Sample_Lwarp_Xy-jax_html.toc)
\tf@toc=\write9
\openout9 = `Sample_Lwarp_Xy-jax_html.toc'.

 [3] [4]
[5] [6] [7] [8] [9] [10] [11] [12] [13] [14] [15] [16] [17]

LaTeX Warning: Characters dropped after `\end{verbatim}' on input line 437.

[18] [19] [20] [21] [22] [23] [24] [25] [26] [27] [28] [29] [30] [31] [32]
[33] [34] [35] [36] [37] [38] [39] [40] [41] [42] <xymatrix 4x2 167> [43]
[44] [45] [46] [47] [48] [49] [50] [51] [52] [53] [54] [55] [56] [57]

LaTeX Font Warning: Command \LARGE invalid in math mode on input line 700.

[58] [59] [60] [61] [62] [63] [64] [65] [66] [67]
(./Sample_Lwarp_Xy-jax_html.aux)
 ***********
LaTeX2e <2025-11-01>
L3 programming layer <2020/03/25>
 ***********
 ) ) 
Here is how much of TeX's memory you used:
 32137 strings out of 467525
 640275 string characters out of 5398963
 1355358 words of memory out of 5000000
 60063 multiletter control sequences out of 15000+600000
 652904 words of font info for 119 fonts, out of 8000000 for 9000
 1141 hyphenation exceptions out of 8191
 153i,19n,166p,3320b,1559s stack positions out of 10000i,1000n,20000p,200000b,200000s
</localhome/home/pmtjfa/local-texlive/install-tl-20230216/2026/texmf-dist/f
onts/type1/public/amsfonts/cm/cmbx8.pfb></localhome/home/pmtjfa/local-texlive/i
nstall-tl-20230216/2026/texmf-dist/fonts/type1/public/amsfonts/cm/cmex10.pfb></
localhome/home/pmtjfa/local-texlive/install-tl-20230216/2026/texmf-dist/fonts/t
ype1/public/amsfonts/cm/cmmi10.pfb></localhome/home/pmtjfa/local-texlive/instal
l-tl-20230216/2026/texmf-dist/fonts/type1/public/amsfonts/cm/cmmi12.pfb></local
home/home/pmtjfa/local-texlive/install-tl-20230216/2026/texmf-dist/fonts/type1/
public/amsfonts/cm/cmmi7.pfb></localhome/home/pmtjfa/local-texlive/install-tl-2
0230216/2026/texmf-dist/fonts/type1/public/amsfonts/cm/cmmi8.pfb></localhome/ho
me/pmtjfa/local-texlive/install-tl-20230216/2026/texmf-dist/fonts/type1/public/
amsfonts/cm/cmr10.pfb></localhome/home/pmtjfa/local-texlive/install-tl-20230216
/2026/texmf-dist/fonts/type1/public/amsfonts/cm/cmr12.pfb></localhome/home/pmtj
fa/local-texlive/install-tl-20230216/2026/texmf-dist/fonts/type1/public/amsfont
s/cm/cmr17.pfb></localhome/home/pmtjfa/local-texlive/install-tl-20230216/2026/t
exmf-dist/fonts/type1/public/amsfonts/cm/cmr7.pfb></localhome/home/pmtjfa/local
-texlive/install-tl-20230216/2026/texmf-dist/fonts/type1/public/amsfonts/cm/cms
y10.pfb></localhome/home/pmtjfa/local-texlive/install-tl-20230216/2026/texmf-di
st/fonts/type1/public/amsfonts/cm/cmsy8.pfb></localhome/home/pmtjfa/local-texli
ve/install-tl-20230216/2026/texmf-dist/fonts/type1/public/amsfonts/symbols/msbm
10.pfb></localhome/home/pmtjfa/local-texlive/install-tl-20230216/2026/texmf-dis
t/fonts/type1/public/cm-super/sfbi1000.pfb></localhome/home/pmtjfa/local-texliv
e/install-tl-20230216/2026/texmf-dist/fonts/type1/public/cm-super/sfbx1000.pfb>
</localhome/home/pmtjfa/local-texlive/install-tl-20230216/2026/texmf-dist/fonts
/type1/public/cm-super/sfit1000.pfb></localhome/home/pmtjfa/local-texlive/insta
ll-tl-20230216/2026/texmf-dist/fonts/type1/public/cm-super/sfrm1000.pfb></local
home/home/pmtjfa/local-texlive/install-tl-20230216/2026/texmf-dist/fonts/type1/
public/cm-super/sfrm1200.pfb></localhome/home/pmtjfa/local-texlive/install-tl-2
0230216/2026/texmf-dist/fonts/type1/public/cm-super/sfti1000.pfb></localhome/ho
me/pmtjfa/local-texlive/install-tl-20230216/2026/texmf-dist/fonts/type1/public/
cm-super/sftt0800.pfb></localhome/home/pmtjfa/local-texlive/install-tl-20230216
/2026/texmf-dist/fonts/type1/public/cm-super/sftt1000.pfb></localhome/home/pmtj
fa/local-texlive/install-tl-20230216/2026/texmf-dist/fonts/type1/public/xypic/x
yatip10.pfb></localhome/home/pmtjfa/local-texlive/install-tl-20230216/2026/texm
f-dist/fonts/type1/public/xypic/xybtip10.pfb>
Output written on Sample_Lwarp_Xy-jax_html.pdf (67 pages, 407587 bytes).
PDF statistics:
 348 PDF objects out of 1000 (max. 8388607)
 228 compressed objects within 3 object streams
 0 named destinations out of 1000 (max. 500000)
 13 words of extra memory for PDF output out of 10000 (max. 10000000)

